<?xml version="1.0" encoding="UTF-8"?>
<!-- Generated by org.testng.reporters.JUnitReportReporter -->
<testsuite hostname="DESKTOP-1UIQG5E" failures="0" tests="1" name="WCart.WhatACart.TestWcart" time="9.327" errors="0" timestamp="04 Aug 2023 09:33:18 GMT" skipped="0">
  <testcase classname="WCart.WhatACart.TestWcart" name="loginToWcart" time="9.327"/>
</testsuite> <!-- WCart.WhatACart.TestWcart -->
